# JRE version: Java(TM) SE Runtime Environment (8.0_111-b14) (build 1.8.0_111-b14)
# Java VM: Java HotSpot(TM) 64-Bit Server VM (25.111-b14 mixed mode windows-amd64 compressed oops)
Heap:
 PSYoungGen      total 226816K, used 133091K [0x00000000ed800000, 0x0000000100000000, 0x0000000100000000)
  eden space 209408K, 63% used [0x00000000ed800000,0x00000000f59f8f28,0x00000000fa480000)
  from space 17408K, 0% used [0x00000000fa480000,0x00000000fa480000,0x00000000fb580000)
  to   space 17408K, 0% used [0x00000000fef00000,0x00000000fef00000,0x0000000100000000)
 ParOldGen       total 73216K, used 27201K [0x00000000c8800000, 0x00000000ccf80000, 0x00000000ed800000)
  object space 73216K, 37% used [0x00000000c8800000,0x00000000ca2904a8,0x00000000ccf80000)
 Metaspace       used 60762K, capacity 64100K, committed 64384K, reserved 1103872K
  class space    used 8434K, capacity 9029K, committed 9088K, reserved 1048576K
GC Heap History (10 events):
Event: 16.915 GC heap before
{Heap before GC invocations=12 (full 1):
 PSYoungGen      total 170496K, used 115403K [0x00000000ed800000, 0x00000000f8d00000, 0x0000000100000000)
  eden space 160768K, 65% used [0x00000000ed800000,0x00000000f3f367c8,0x00000000f7500000)
  from space 9728K, 99% used [0x00000000f8280000,0x00000000f8bfc590,0x00000000f8c00000)
  to   space 12288K, 0% used [0x00000000f7500000,0x00000000f7500000,0x00000000f8100000)
 ParOldGen       total 29184K, used 9141K [0x00000000c8800000, 0x00000000ca480000, 0x00000000ed800000)
  object space 29184K, 31% used [0x00000000c8800000,0x00000000c90ed6e8,0x00000000ca480000)
 Metaspace       used 33654K, capacity 35418K, committed 35456K, reserved 1079296K
  class space    used 4408K, capacity 4723K, committed 4736K, reserved 1048576K
Event: 16.950 GC heap after
Heap after GC invocations=12 (full 1):
 PSYoungGen      total 173056K, used 3698K [0x00000000ed800000, 0x00000000fc180000, 0x0000000100000000)
  eden space 160768K, 0% used [0x00000000ed800000,0x00000000ed800000,0x00000000f7500000)
  from space 12288K, 30% used [0x00000000f7500000,0x00000000f789cbe8,0x00000000f8100000)
  to   space 12288K, 0% used [0x00000000fb580000,0x00000000fb580000,0x00000000fc180000)
 ParOldGen       total 29184K, used 16691K [0x00000000c8800000, 0x00000000ca480000, 0x00000000ed800000)
  object space 29184K, 57% used [0x00000000c8800000,0x00000000c984cd80,0x00000000ca480000)
 Metaspace       used 33654K, capacity 35418K, committed 35456K, reserved 1079296K
  class space    used 4408K, capacity 4723K, committed 4736K, reserved 1048576K
}
Event: 16.950 GC heap before
{Heap before GC invocations=13 (full 2):
 PSYoungGen      total 173056K, used 3698K [0x00000000ed800000, 0x00000000fc180000, 0x0000000100000000)
  eden space 160768K, 0% used [0x00000000ed800000,0x00000000ed800000,0x00000000f7500000)
  from space 12288K, 30% used [0x00000000f7500000,0x00000000f789cbe8,0x00000000f8100000)
  to   space 12288K, 0% used [0x00000000fb580000,0x00000000fb580000,0x00000000fc180000)
 ParOldGen       total 29184K, used 16691K [0x00000000c8800000, 0x00000000ca480000, 0x00000000ed800000)
  object space 29184K, 57% used [0x00000000c8800000,0x00000000c984cd80,0x00000000ca480000)
 Metaspace       used 33654K, capacity 35418K, committed 35456K, reserved 1079296K
  class space    used 4408K, capacity 4723K, committed 4736K, reserved 1048576K
Event: 17.131 GC heap after
Heap after GC invocations=13 (full 2):
 PSYoungGen      total 173056K, used 0K [0x00000000ed800000, 0x00000000fc180000, 0x0000000100000000)
  eden space 160768K, 0% used [0x00000000ed800000,0x00000000ed800000,0x00000000f7500000)
  from space 12288K, 0% used [0x00000000f7500000,0x00000000f7500000,0x00000000f8100000)
  to   space 12288K, 0% used [0x00000000fb580000,0x00000000fb580000,0x00000000fc180000)
 ParOldGen       total 49152K, used 14828K [0x00000000c8800000, 0x00000000cb800000, 0x00000000ed800000)
  object space 49152K, 30% used [0x00000000c8800000,0x00000000c967b190,0x00000000cb800000)
 Metaspace       used 33654K, capacity 35418K, committed 35456K, reserved 1079296K
  class space    used 4408K, capacity 4723K, committed 4736K, reserved 1048576K
}
Event: 27.419 GC heap before
{Heap before GC invocations=14 (full 2):
 PSYoungGen      total 173056K, used 160768K [0x00000000ed800000, 0x00000000fc180000, 0x0000000100000000)
  eden space 160768K, 100% used [0x00000000ed800000,0x00000000f7500000,0x00000000f7500000)
  from space 12288K, 0% used [0x00000000f7500000,0x00000000f7500000,0x00000000f8100000)
  to   space 12288K, 0% used [0x00000000fb580000,0x00000000fb580000,0x00000000fc180000)
 ParOldGen       total 49152K, used 14828K [0x00000000c8800000, 0x00000000cb800000, 0x00000000ed800000)
  object space 49152K, 30% used [0x00000000c8800000,0x00000000c967b190,0x00000000cb800000)
 Metaspace       used 47865K, capacity 50072K, committed 50432K, reserved 1093632K
  class space    used 6423K, capacity 6848K, committed 6912K, reserved 1048576K
Event: 27.456 GC heap after
Heap after GC invocations=14 (full 2):
 PSYoungGen      total 221696K, used 12273K [0x00000000ed800000, 0x00000000fca80000, 0x0000000100000000)
  eden space 209408K, 0% used [0x00000000ed800000,0x00000000ed800000,0x00000000fa480000)
  from space 12288K, 99% used [0x00000000fb580000,0x00000000fc17c668,0x00000000fc180000)
  to   space 17408K, 0% used [0x00000000fa480000,0x00000000fa480000,0x00000000fb580000)
 ParOldGen       total 49152K, used 24042K [0x00000000c8800000, 0x00000000cb800000, 0x00000000ed800000)
  object space 49152K, 48% used [0x00000000c8800000,0x00000000c9f7aba0,0x00000000cb800000)
 Metaspace       used 47865K, capacity 50072K, committed 50432K, reserved 1093632K
  class space    used 6423K, capacity 6848K, committed 6912K, reserved 1048576K
}
Event: 33.566 GC heap before
{Heap before GC invocations=15 (full 2):
 PSYoungGen      total 221696K, used 115576K [0x00000000ed800000, 0x00000000fca80000, 0x0000000100000000)
  eden space 209408K, 49% used [0x00000000ed800000,0x00000000f3ce1a18,0x00000000fa480000)
  from space 12288K, 99% used [0x00000000fb580000,0x00000000fc17c668,0x00000000fc180000)
  to   space 17408K, 0% used [0x00000000fa480000,0x00000000fa480000,0x00000000fb580000)
 ParOldGen       total 49152K, used 24042K [0x00000000c8800000, 0x00000000cb800000, 0x00000000ed800000)
  object space 49152K, 48% used [0x00000000c8800000,0x00000000c9f7aba0,0x00000000cb800000)
 Metaspace       used 56306K, capacity 59038K, committed 59096K, reserved 1099776K
  class space    used 7759K, capacity 8284K, committed 8320K, reserved 1048576K
Event: 33.597 GC heap after
Heap after GC invocations=15 (full 2):
 PSYoungGen      total 226816K, used 9211K [0x00000000ed800000, 0x0000000100000000, 0x0000000100000000)
  eden space 209408K, 0% used [0x00000000ed800000,0x00000000ed800000,0x00000000fa480000)
  from space 17408K, 52% used [0x00000000fa480000,0x00000000fad7ee30,0x00000000fb580000)
  to   space 17408K, 0% used [0x00000000fef00000,0x00000000fef00000,0x0000000100000000)
 ParOldGen       total 49152K, used 30186K [0x00000000c8800000, 0x00000000cb800000, 0x00000000ed800000)
  object space 49152K, 61% used [0x00000000c8800000,0x00000000ca57a9f8,0x00000000cb800000)
 Metaspace       used 56306K, capacity 59038K, committed 59096K, reserved 1099776K
  class space    used 7759K, capacity 8284K, committed 8320K, reserved 1048576K
}
Event: 33.597 GC heap before
{Heap before GC invocations=16 (full 3):
 PSYoungGen      total 226816K, used 9211K [0x00000000ed800000, 0x0000000100000000, 0x0000000100000000)
  eden space 209408K, 0% used [0x00000000ed800000,0x00000000ed800000,0x00000000fa480000)
  from space 17408K, 52% used [0x00000000fa480000,0x00000000fad7ee30,0x00000000fb580000)
  to   space 17408K, 0% used [0x00000000fef00000,0x00000000fef00000,0x0000000100000000)
 ParOldGen       total 49152K, used 30186K [0x00000000c8800000, 0x00000000cb800000, 0x00000000ed800000)
  object space 49152K, 61% used [0x00000000c8800000,0x00000000ca57a9f8,0x00000000cb800000)
 Metaspace       used 56306K, capacity 59038K, committed 59096K, reserved 1099776K
  class space    used 7759K, capacity 8284K, committed 8320K, reserved 1048576K
Event: 34.005 GC heap after
Heap after GC invocations=16 (full 3):
 PSYoungGen      total 226816K, used 0K [0x00000000ed800000, 0x0000000100000000, 0x0000000100000000)
  eden space 209408K, 0% used [0x00000000ed800000,0x00000000ed800000,0x00000000fa480000)
  from space 17408K, 0% used [0x00000000fa480000,0x00000000fa480000,0x00000000fb580000)
  to   space 17408K, 0% used [0x00000000fef00000,0x00000000fef00000,0x0000000100000000)
 ParOldGen       total 73216K, used 27201K [0x00000000c8800000, 0x00000000ccf80000, 0x00000000ed800000)
  object space 73216K, 37% used [0x00000000c8800000,0x00000000ca2904a8,0x00000000ccf80000)
 Metaspace       used 56306K, capacity 59038K, committed 59096K, reserved 1099776K
  class space    used 7759K, capacity 8284K, committed 8320K, reserved 1048576K
}

