# JRE version: Java(TM) SE Runtime Environment (8.0_111-b14) (build 1.8.0_111-b14)
# Java VM: Java HotSpot(TM) 64-Bit Server VM (25.111-b14 mixed mode windows-amd64 compressed oops)
Heap:
 PSYoungGen      total 250368K, used 16759K [0x00000000ed800000, 0x0000000100000000, 0x0000000100000000)
  eden space 232960K, 7% used [0x00000000ed800000,0x00000000ee85dc18,0x00000000fbb80000)
  from space 17408K, 0% used [0x00000000fbb80000,0x00000000fbb80000,0x00000000fcc80000)
  to   space 16896K, 0% used [0x00000000fef80000,0x00000000fef80000,0x0000000100000000)
 ParOldGen       total 67072K, used 26640K [0x00000000c8800000, 0x00000000cc980000, 0x00000000ed800000)
  object space 67072K, 39% used [0x00000000c8800000,0x00000000ca204148,0x00000000cc980000)
 Metaspace       used 57406K, capacity 60326K, committed 60544K, reserved 1101824K
  class space    used 7940K, capacity 8472K, committed 8576K, reserved 1048576K
GC Heap History (10 events):
Event: 13.930 GC heap before
{Heap before GC invocations=12 (full 1):
 PSYoungGen      total 178176K, used 115587K [0x00000000ed800000, 0x00000000f9500000, 0x0000000100000000)
  eden space 168960K, 62% used [0x00000000ed800000,0x00000000f3fe1350,0x00000000f7d00000)
  from space 9216K, 99% used [0x00000000f8980000,0x00000000f927fc60,0x00000000f9280000)
  to   space 12288K, 0% used [0x00000000f7d00000,0x00000000f7d00000,0x00000000f8900000)
 ParOldGen       total 27648K, used 9372K [0x00000000c8800000, 0x00000000ca300000, 0x00000000ed800000)
  object space 27648K, 33% used [0x00000000c8800000,0x00000000c91273b0,0x00000000ca300000)
 Metaspace       used 33536K, capacity 35362K, committed 35456K, reserved 1079296K
  class space    used 4386K, capacity 4723K, committed 4736K, reserved 1048576K
Event: 13.963 GC heap after
Heap after GC invocations=12 (full 1):
 PSYoungGen      total 181248K, used 3638K [0x00000000ed800000, 0x00000000fd800000, 0x0000000100000000)
  eden space 168960K, 0% used [0x00000000ed800000,0x00000000ed800000,0x00000000f7d00000)
  from space 12288K, 29% used [0x00000000f7d00000,0x00000000f808d8e0,0x00000000f8900000)
  to   space 11776K, 0% used [0x00000000fcc80000,0x00000000fcc80000,0x00000000fd800000)
 ParOldGen       total 27648K, used 16562K [0x00000000c8800000, 0x00000000ca300000, 0x00000000ed800000)
  object space 27648K, 59% used [0x00000000c8800000,0x00000000c982ca38,0x00000000ca300000)
 Metaspace       used 33536K, capacity 35362K, committed 35456K, reserved 1079296K
  class space    used 4386K, capacity 4723K, committed 4736K, reserved 1048576K
}
Event: 13.963 GC heap before
{Heap before GC invocations=13 (full 2):
 PSYoungGen      total 181248K, used 3638K [0x00000000ed800000, 0x00000000fd800000, 0x0000000100000000)
  eden space 168960K, 0% used [0x00000000ed800000,0x00000000ed800000,0x00000000f7d00000)
  from space 12288K, 29% used [0x00000000f7d00000,0x00000000f808d8e0,0x00000000f8900000)
  to   space 11776K, 0% used [0x00000000fcc80000,0x00000000fcc80000,0x00000000fd800000)
 ParOldGen       total 27648K, used 16562K [0x00000000c8800000, 0x00000000ca300000, 0x00000000ed800000)
  object space 27648K, 59% used [0x00000000c8800000,0x00000000c982ca38,0x00000000ca300000)
 Metaspace       used 33536K, capacity 35362K, committed 35456K, reserved 1079296K
  class space    used 4386K, capacity 4723K, committed 4736K, reserved 1048576K
Event: 14.096 GC heap after
Heap after GC invocations=13 (full 2):
 PSYoungGen      total 181248K, used 0K [0x00000000ed800000, 0x00000000fd800000, 0x0000000100000000)
  eden space 168960K, 0% used [0x00000000ed800000,0x00000000ed800000,0x00000000f7d00000)
  from space 12288K, 0% used [0x00000000f7d00000,0x00000000f7d00000,0x00000000f8900000)
  to   space 11776K, 0% used [0x00000000fcc80000,0x00000000fcc80000,0x00000000fd800000)
 ParOldGen       total 45568K, used 14818K [0x00000000c8800000, 0x00000000cb480000, 0x00000000ed800000)
  object space 45568K, 32% used [0x00000000c8800000,0x00000000c9678a58,0x00000000cb480000)
 Metaspace       used 33536K, capacity 35362K, committed 35456K, reserved 1079296K
  class space    used 4386K, capacity 4723K, committed 4736K, reserved 1048576K
}
Event: 21.131 GC heap before
{Heap before GC invocations=14 (full 2):
 PSYoungGen      total 181248K, used 168960K [0x00000000ed800000, 0x00000000fd800000, 0x0000000100000000)
  eden space 168960K, 100% used [0x00000000ed800000,0x00000000f7d00000,0x00000000f7d00000)
  from space 12288K, 0% used [0x00000000f7d00000,0x00000000f7d00000,0x00000000f8900000)
  to   space 11776K, 0% used [0x00000000fcc80000,0x00000000fcc80000,0x00000000fd800000)
 ParOldGen       total 45568K, used 14818K [0x00000000c8800000, 0x00000000cb480000, 0x00000000ed800000)
  object space 45568K, 32% used [0x00000000c8800000,0x00000000c9678a58,0x00000000cb480000)
 Metaspace       used 48503K, capacity 50698K, committed 51072K, reserved 1093632K
  class space    used 6516K, capacity 6945K, committed 7040K, reserved 1048576K
Event: 21.168 GC heap after
Heap after GC invocations=14 (full 2):
 PSYoungGen      total 244736K, used 11770K [0x00000000ed800000, 0x00000000fe080000, 0x0000000100000000)
  eden space 232960K, 0% used [0x00000000ed800000,0x00000000ed800000,0x00000000fbb80000)
  from space 11776K, 99% used [0x00000000fcc80000,0x00000000fd7fe998,0x00000000fd800000)
  to   space 17408K, 0% used [0x00000000fbb80000,0x00000000fbb80000,0x00000000fcc80000)
 ParOldGen       total 45568K, used 25396K [0x00000000c8800000, 0x00000000cb480000, 0x00000000ed800000)
  object space 45568K, 55% used [0x00000000c8800000,0x00000000ca0cd1a8,0x00000000cb480000)
 Metaspace       used 48503K, capacity 50698K, committed 51072K, reserved 1093632K
  class space    used 6516K, capacity 6945K, committed 7040K, reserved 1048576K
}
Event: 24.289 GC heap before
{Heap before GC invocations=15 (full 2):
 PSYoungGen      total 244736K, used 109232K [0x00000000ed800000, 0x00000000fe080000, 0x0000000100000000)
  eden space 232960K, 41% used [0x00000000ed800000,0x00000000f372d830,0x00000000fbb80000)
  from space 11776K, 99% used [0x00000000fcc80000,0x00000000fd7fe998,0x00000000fd800000)
  to   space 17408K, 0% used [0x00000000fbb80000,0x00000000fbb80000,0x00000000fcc80000)
 ParOldGen       total 45568K, used 25396K [0x00000000c8800000, 0x00000000cb480000, 0x00000000ed800000)
  object space 45568K, 55% used [0x00000000c8800000,0x00000000ca0cd1a8,0x00000000cb480000)
 Metaspace       used 56271K, capacity 59014K, committed 59096K, reserved 1099776K
  class space    used 7750K, capacity 8252K, committed 8320K, reserved 1048576K
Event: 24.346 GC heap after
Heap after GC invocations=15 (full 2):
 PSYoungGen      total 250368K, used 8595K [0x00000000ed800000, 0x0000000100000000, 0x0000000100000000)
  eden space 232960K, 0% used [0x00000000ed800000,0x00000000ed800000,0x00000000fbb80000)
  from space 17408K, 49% used [0x00000000fbb80000,0x00000000fc3e4e18,0x00000000fcc80000)
  to   space 16896K, 0% used [0x00000000fef80000,0x00000000fef80000,0x0000000100000000)
 ParOldGen       total 45568K, used 31687K [0x00000000c8800000, 0x00000000cb480000, 0x00000000ed800000)
  object space 45568K, 69% used [0x00000000c8800000,0x00000000ca6f1f28,0x00000000cb480000)
 Metaspace       used 56271K, capacity 59014K, committed 59096K, reserved 1099776K
  class space    used 7750K, capacity 8252K, committed 8320K, reserved 1048576K
}
Event: 24.346 GC heap before
{Heap before GC invocations=16 (full 3):
 PSYoungGen      total 250368K, used 8595K [0x00000000ed800000, 0x0000000100000000, 0x0000000100000000)
  eden space 232960K, 0% used [0x00000000ed800000,0x00000000ed800000,0x00000000fbb80000)
  from space 17408K, 49% used [0x00000000fbb80000,0x00000000fc3e4e18,0x00000000fcc80000)
  to   space 16896K, 0% used [0x00000000fef80000,0x00000000fef80000,0x0000000100000000)
 ParOldGen       total 45568K, used 31687K [0x00000000c8800000, 0x00000000cb480000, 0x00000000ed800000)
  object space 45568K, 69% used [0x00000000c8800000,0x00000000ca6f1f28,0x00000000cb480000)
 Metaspace       used 56271K, capacity 59014K, committed 59096K, reserved 1099776K
  class space    used 7750K, capacity 8252K, committed 8320K, reserved 1048576K
Event: 24.759 GC heap after
Heap after GC invocations=16 (full 3):
 PSYoungGen      total 250368K, used 0K [0x00000000ed800000, 0x0000000100000000, 0x0000000100000000)
  eden space 232960K, 0% used [0x00000000ed800000,0x00000000ed800000,0x00000000fbb80000)
  from space 17408K, 0% used [0x00000000fbb80000,0x00000000fbb80000,0x00000000fcc80000)
  to   space 16896K, 0% used [0x00000000fef80000,0x00000000fef80000,0x0000000100000000)
 ParOldGen       total 67072K, used 26640K [0x00000000c8800000, 0x00000000cc980000, 0x00000000ed800000)
  object space 67072K, 39% used [0x00000000c8800000,0x00000000ca204148,0x00000000cc980000)
 Metaspace       used 56271K, capacity 59014K, committed 59096K, reserved 1099776K
  class space    used 7750K, capacity 8252K, committed 8320K, reserved 1048576K
}

