# JRE version: Java(TM) SE Runtime Environment (8.0_111-b14) (build 1.8.0_111-b14)
# Java VM: Java HotSpot(TM) 64-Bit Server VM (25.111-b14 mixed mode windows-amd64 compressed oops)
Heap:
 PSYoungGen      total 125952K, used 65484K [0x00000000ed800000, 0x00000000f5b00000, 0x0000000100000000)
  eden space 117760K, 55% used [0x00000000ed800000,0x00000000f17f33a8,0x00000000f4b00000)
  from space 8192K, 0% used [0x00000000f4b00000,0x00000000f4b00000,0x00000000f5300000)
  to   space 7680K, 0% used [0x00000000f5380000,0x00000000f5380000,0x00000000f5b00000)
 ParOldGen       total 46080K, used 14827K [0x00000000c8800000, 0x00000000cb500000, 0x00000000ed800000)
  object space 46080K, 32% used [0x00000000c8800000,0x00000000c967ae90,0x00000000cb500000)
 Metaspace       used 37258K, capacity 39324K, committed 39552K, reserved 1083392K
  class space    used 4874K, capacity 5246K, committed 5248K, reserved 1048576K
GC Heap History (10 events):
Event: 4.644 GC heap before
{Heap before GC invocations=9 (full 1):
 PSYoungGen      total 125440K, used 3822K [0x00000000ed800000, 0x00000000f5b00000, 0x0000000100000000)
  eden space 117760K, 0% used [0x00000000ed800000,0x00000000ed800000,0x00000000f4b00000)
  from space 7680K, 49% used [0x00000000f5380000,0x00000000f573bbe0,0x00000000f5b00000)
  to   space 8192K, 0% used [0x00000000f4b00000,0x00000000f4b00000,0x00000000f5300000)
 ParOldGen       total 38400K, used 9203K [0x00000000c8800000, 0x00000000cad80000, 0x00000000ed800000)
  object space 38400K, 23% used [0x00000000c8800000,0x00000000c90fce00,0x00000000cad80000)
 Metaspace       used 20537K, capacity 21176K, committed 21296K, reserved 1067008K
  class space    used 2689K, capacity 2848K, committed 2944K, reserved 1048576K
Event: 4.719 GC heap after
Heap after GC invocations=9 (full 1):
 PSYoungGen      total 125440K, used 0K [0x00000000ed800000, 0x00000000f5b00000, 0x0000000100000000)
  eden space 117760K, 0% used [0x00000000ed800000,0x00000000ed800000,0x00000000f4b00000)
  from space 7680K, 0% used [0x00000000f5380000,0x00000000f5380000,0x00000000f5b00000)
  to   space 8192K, 0% used [0x00000000f4b00000,0x00000000f4b00000,0x00000000f5300000)
 ParOldGen       total 28160K, used 5692K [0x00000000c8800000, 0x00000000ca380000, 0x00000000ed800000)
  object space 28160K, 20% used [0x00000000c8800000,0x00000000c8d8f370,0x00000000ca380000)
 Metaspace       used 20532K, capacity 21162K, committed 21296K, reserved 1067008K
  class space    used 2687K, capacity 2845K, committed 2944K, reserved 1048576K
}
Event: 6.885 GC heap before
{Heap before GC invocations=10 (full 1):
 PSYoungGen      total 125440K, used 117760K [0x00000000ed800000, 0x00000000f5b00000, 0x0000000100000000)
  eden space 117760K, 100% used [0x00000000ed800000,0x00000000f4b00000,0x00000000f4b00000)
  from space 7680K, 0% used [0x00000000f5380000,0x00000000f5380000,0x00000000f5b00000)
  to   space 8192K, 0% used [0x00000000f4b00000,0x00000000f4b00000,0x00000000f5300000)
 ParOldGen       total 28160K, used 5692K [0x00000000c8800000, 0x00000000ca380000, 0x00000000ed800000)
  object space 28160K, 20% used [0x00000000c8800000,0x00000000c8d8f370,0x00000000ca380000)
 Metaspace       used 22904K, capacity 23750K, committed 23936K, reserved 1071104K
  class space    used 2965K, capacity 3162K, committed 3200K, reserved 1048576K
Event: 6.900 GC heap after
Heap after GC invocations=10 (full 1):
 PSYoungGen      total 125952K, used 7230K [0x00000000ed800000, 0x00000000f5b00000, 0x0000000100000000)
  eden space 117760K, 0% used [0x00000000ed800000,0x00000000ed800000,0x00000000f4b00000)
  from space 8192K, 88% used [0x00000000f4b00000,0x00000000f520f9f0,0x00000000f5300000)
  to   space 7680K, 0% used [0x00000000f5380000,0x00000000f5380000,0x00000000f5b00000)
 ParOldGen       total 28160K, used 5700K [0x00000000c8800000, 0x00000000ca380000, 0x00000000ed800000)
  object space 28160K, 20% used [0x00000000c8800000,0x00000000c8d91370,0x00000000ca380000)
 Metaspace       used 22904K, capacity 23750K, committed 23936K, reserved 1071104K
  class space    used 2965K, capacity 3162K, committed 3200K, reserved 1048576K
}
Event: 11.476 GC heap before
{Heap before GC invocations=11 (full 1):
 PSYoungGen      total 125952K, used 124990K [0x00000000ed800000, 0x00000000f5b00000, 0x0000000100000000)
  eden space 117760K, 100% used [0x00000000ed800000,0x00000000f4b00000,0x00000000f4b00000)
  from space 8192K, 88% used [0x00000000f4b00000,0x00000000f520f9f0,0x00000000f5300000)
  to   space 7680K, 0% used [0x00000000f5380000,0x00000000f5380000,0x00000000f5b00000)
 ParOldGen       total 28160K, used 5700K [0x00000000c8800000, 0x00000000ca380000, 0x00000000ed800000)
  object space 28160K, 20% used [0x00000000c8800000,0x00000000c8d91370,0x00000000ca380000)
 Metaspace       used 30314K, capacity 32048K, committed 32384K, reserved 1077248K
  class space    used 4047K, capacity 4386K, committed 4480K, reserved 1048576K
Event: 11.509 GC heap after
Heap after GC invocations=11 (full 1):
 PSYoungGen      total 125440K, used 7669K [0x00000000ed800000, 0x00000000f5b00000, 0x0000000100000000)
  eden space 117760K, 0% used [0x00000000ed800000,0x00000000ed800000,0x00000000f4b00000)
  from space 7680K, 99% used [0x00000000f5380000,0x00000000f5afd790,0x00000000f5b00000)
  to   space 8192K, 0% used [0x00000000f4b00000,0x00000000f4b00000,0x00000000f5300000)
 ParOldGen       total 28160K, used 11454K [0x00000000c8800000, 0x00000000ca380000, 0x00000000ed800000)
  object space 28160K, 40% used [0x00000000c8800000,0x00000000c932f9b0,0x00000000ca380000)
 Metaspace       used 30314K, capacity 32048K, committed 32384K, reserved 1077248K
  class space    used 4047K, capacity 4386K, committed 4480K, reserved 1048576K
}
Event: 13.017 GC heap before
{Heap before GC invocations=12 (full 1):
 PSYoungGen      total 125440K, used 111962K [0x00000000ed800000, 0x00000000f5b00000, 0x0000000100000000)
  eden space 117760K, 88% used [0x00000000ed800000,0x00000000f3dd92d0,0x00000000f4b00000)
  from space 7680K, 99% used [0x00000000f5380000,0x00000000f5afd790,0x00000000f5b00000)
  to   space 8192K, 0% used [0x00000000f4b00000,0x00000000f4b00000,0x00000000f5300000)
 ParOldGen       total 28160K, used 11454K [0x00000000c8800000, 0x00000000ca380000, 0x00000000ed800000)
  object space 28160K, 40% used [0x00000000c8800000,0x00000000c932f9b0,0x00000000ca380000)
 Metaspace       used 33639K, capacity 35422K, committed 35456K, reserved 1079296K
  class space    used 4406K, capacity 4723K, committed 4736K, reserved 1048576K
Event: 13.048 GC heap after
Heap after GC invocations=12 (full 1):
 PSYoungGen      total 125952K, used 3678K [0x00000000ed800000, 0x00000000f5b00000, 0x0000000100000000)
  eden space 117760K, 0% used [0x00000000ed800000,0x00000000ed800000,0x00000000f4b00000)
  from space 8192K, 44% used [0x00000000f4b00000,0x00000000f4e97970,0x00000000f5300000)
  to   space 7680K, 0% used [0x00000000f5380000,0x00000000f5380000,0x00000000f5b00000)
 ParOldGen       total 28160K, used 18602K [0x00000000c8800000, 0x00000000ca380000, 0x00000000ed800000)
  object space 28160K, 66% used [0x00000000c8800000,0x00000000c9a2a838,0x00000000ca380000)
 Metaspace       used 33639K, capacity 35422K, committed 35456K, reserved 1079296K
  class space    used 4406K, capacity 4723K, committed 4736K, reserved 1048576K
}
Event: 13.048 GC heap before
{Heap before GC invocations=13 (full 2):
 PSYoungGen      total 125952K, used 3678K [0x00000000ed800000, 0x00000000f5b00000, 0x0000000100000000)
  eden space 117760K, 0% used [0x00000000ed800000,0x00000000ed800000,0x00000000f4b00000)
  from space 8192K, 44% used [0x00000000f4b00000,0x00000000f4e97970,0x00000000f5300000)
  to   space 7680K, 0% used [0x00000000f5380000,0x00000000f5380000,0x00000000f5b00000)
 ParOldGen       total 28160K, used 18602K [0x00000000c8800000, 0x00000000ca380000, 0x00000000ed800000)
  object space 28160K, 66% used [0x00000000c8800000,0x00000000c9a2a838,0x00000000ca380000)
 Metaspace       used 33639K, capacity 35422K, committed 35456K, reserved 1079296K
  class space    used 4406K, capacity 4723K, committed 4736K, reserved 1048576K
Event: 13.222 GC heap after
Heap after GC invocations=13 (full 2):
 PSYoungGen      total 125952K, used 0K [0x00000000ed800000, 0x00000000f5b00000, 0x0000000100000000)
  eden space 117760K, 0% used [0x00000000ed800000,0x00000000ed800000,0x00000000f4b00000)
  from space 8192K, 0% used [0x00000000f4b00000,0x00000000f4b00000,0x00000000f5300000)
  to   space 7680K, 0% used [0x00000000f5380000,0x00000000f5380000,0x00000000f5b00000)
 ParOldGen       total 46080K, used 14827K [0x00000000c8800000, 0x00000000cb500000, 0x00000000ed800000)
  object space 46080K, 32% used [0x00000000c8800000,0x00000000c967ae90,0x00000000cb500000)
 Metaspace       used 33639K, capacity 35422K, committed 35456K, reserved 1079296K
  class space    used 4406K, capacity 4723K, committed 4736K, reserved 1048576K
}

