# JRE version: Java(TM) SE Runtime Environment (8.0_111-b14) (build 1.8.0_111-b14)
# Java VM: Java HotSpot(TM) 64-Bit Server VM (25.111-b14 mixed mode windows-amd64 compressed oops)
Heap:
 PSYoungGen      total 181248K, used 147839K [0x00000000ed800000, 0x00000000fd880000, 0x0000000100000000)
  eden space 168960K, 87% used [0x00000000ed800000,0x00000000f685fee0,0x00000000f7d00000)
  from space 12288K, 0% used [0x00000000f7d00000,0x00000000f7d00000,0x00000000f8900000)
  to   space 11776K, 0% used [0x00000000fcd00000,0x00000000fcd00000,0x00000000fd880000)
 ParOldGen       total 45568K, used 14688K [0x00000000c8800000, 0x00000000cb480000, 0x00000000ed800000)
  object space 45568K, 32% used [0x00000000c8800000,0x00000000c9658128,0x00000000cb480000)
 Metaspace       used 46219K, capacity 48432K, committed 48640K, reserved 1091584K
  class space    used 6199K, capacity 6620K, committed 6656K, reserved 1048576K
GC Heap History (10 events):
Event: 4.066 GC heap before
{Heap before GC invocations=9 (full 1):
 PSYoungGen      total 125440K, used 3734K [0x00000000ed800000, 0x00000000f5b00000, 0x0000000100000000)
  eden space 117760K, 0% used [0x00000000ed800000,0x00000000ed800000,0x00000000f4b00000)
  from space 7680K, 48% used [0x00000000f5380000,0x00000000f57258f8,0x00000000f5b00000)
  to   space 8192K, 0% used [0x00000000f4b00000,0x00000000f4b00000,0x00000000f5300000)
 ParOldGen       total 38400K, used 9335K [0x00000000c8800000, 0x00000000cad80000, 0x00000000ed800000)
  object space 38400K, 24% used [0x00000000c8800000,0x00000000c911dc30,0x00000000cad80000)
 Metaspace       used 20501K, capacity 21172K, committed 21296K, reserved 1067008K
  class space    used 2686K, capacity 2846K, committed 2944K, reserved 1048576K
Event: 4.143 GC heap after
Heap after GC invocations=9 (full 1):
 PSYoungGen      total 125440K, used 0K [0x00000000ed800000, 0x00000000f5b00000, 0x0000000100000000)
  eden space 117760K, 0% used [0x00000000ed800000,0x00000000ed800000,0x00000000f4b00000)
  from space 7680K, 0% used [0x00000000f5380000,0x00000000f5380000,0x00000000f5b00000)
  to   space 8192K, 0% used [0x00000000f4b00000,0x00000000f4b00000,0x00000000f5300000)
 ParOldGen       total 28160K, used 5614K [0x00000000c8800000, 0x00000000ca380000, 0x00000000ed800000)
  object space 28160K, 19% used [0x00000000c8800000,0x00000000c8d7ba88,0x00000000ca380000)
 Metaspace       used 20500K, capacity 21166K, committed 21296K, reserved 1067008K
  class space    used 2685K, capacity 2845K, committed 2944K, reserved 1048576K
}
Event: 6.283 GC heap before
{Heap before GC invocations=10 (full 1):
 PSYoungGen      total 125440K, used 117760K [0x00000000ed800000, 0x00000000f5b00000, 0x0000000100000000)
  eden space 117760K, 100% used [0x00000000ed800000,0x00000000f4b00000,0x00000000f4b00000)
  from space 7680K, 0% used [0x00000000f5380000,0x00000000f5380000,0x00000000f5b00000)
  to   space 8192K, 0% used [0x00000000f4b00000,0x00000000f4b00000,0x00000000f5300000)
 ParOldGen       total 28160K, used 5614K [0x00000000c8800000, 0x00000000ca380000, 0x00000000ed800000)
  object space 28160K, 19% used [0x00000000c8800000,0x00000000c8d7ba88,0x00000000ca380000)
 Metaspace       used 22886K, capacity 23754K, committed 23936K, reserved 1071104K
  class space    used 2964K, capacity 3162K, committed 3200K, reserved 1048576K
Event: 6.304 GC heap after
Heap after GC invocations=10 (full 1):
 PSYoungGen      total 125952K, used 7220K [0x00000000ed800000, 0x00000000f9280000, 0x0000000100000000)
  eden space 117760K, 0% used [0x00000000ed800000,0x00000000ed800000,0x00000000f4b00000)
  from space 8192K, 88% used [0x00000000f4b00000,0x00000000f520d340,0x00000000f5300000)
  to   space 9216K, 0% used [0x00000000f8980000,0x00000000f8980000,0x00000000f9280000)
 ParOldGen       total 28160K, used 5622K [0x00000000c8800000, 0x00000000ca380000, 0x00000000ed800000)
  object space 28160K, 19% used [0x00000000c8800000,0x00000000c8d7da88,0x00000000ca380000)
 Metaspace       used 22886K, capacity 23754K, committed 23936K, reserved 1071104K
  class space    used 2964K, capacity 3162K, committed 3200K, reserved 1048576K
}
Event: 10.274 GC heap before
{Heap before GC invocations=11 (full 1):
 PSYoungGen      total 125952K, used 124980K [0x00000000ed800000, 0x00000000f9280000, 0x0000000100000000)
  eden space 117760K, 100% used [0x00000000ed800000,0x00000000f4b00000,0x00000000f4b00000)
  from space 8192K, 88% used [0x00000000f4b00000,0x00000000f520d340,0x00000000f5300000)
  to   space 9216K, 0% used [0x00000000f8980000,0x00000000f8980000,0x00000000f9280000)
 ParOldGen       total 28160K, used 5622K [0x00000000c8800000, 0x00000000ca380000, 0x00000000ed800000)
  object space 28160K, 19% used [0x00000000c8800000,0x00000000c8d7da88,0x00000000ca380000)
 Metaspace       used 30299K, capacity 32056K, committed 32384K, reserved 1077248K
  class space    used 4047K, capacity 4386K, committed 4480K, reserved 1048576K
Event: 10.306 GC heap after
Heap after GC invocations=11 (full 1):
 PSYoungGen      total 178176K, used 9209K [0x00000000ed800000, 0x00000000f9500000, 0x0000000100000000)
  eden space 168960K, 0% used [0x00000000ed800000,0x00000000ed800000,0x00000000f7d00000)
  from space 9216K, 99% used [0x00000000f8980000,0x00000000f927e758,0x00000000f9280000)
  to   space 12288K, 0% used [0x00000000f7d00000,0x00000000f7d00000,0x00000000f8900000)
 ParOldGen       total 28160K, used 9824K [0x00000000c8800000, 0x00000000ca380000, 0x00000000ed800000)
  object space 28160K, 34% used [0x00000000c8800000,0x00000000c91983d0,0x00000000ca380000)
 Metaspace       used 30299K, capacity 32056K, committed 32384K, reserved 1077248K
  class space    used 4047K, capacity 4386K, committed 4480K, reserved 1048576K
}
Event: 11.515 GC heap before
{Heap before GC invocations=12 (full 1):
 PSYoungGen      total 178176K, used 115128K [0x00000000ed800000, 0x00000000f9500000, 0x0000000100000000)
  eden space 168960K, 62% used [0x00000000ed800000,0x00000000f3f6f948,0x00000000f7d00000)
  from space 9216K, 99% used [0x00000000f8980000,0x00000000f927e758,0x00000000f9280000)
  to   space 12288K, 0% used [0x00000000f7d00000,0x00000000f7d00000,0x00000000f8900000)
 ParOldGen       total 28160K, used 9824K [0x00000000c8800000, 0x00000000ca380000, 0x00000000ed800000)
  object space 28160K, 34% used [0x00000000c8800000,0x00000000c91983d0,0x00000000ca380000)
 Metaspace       used 33536K, capacity 35366K, committed 35456K, reserved 1079296K
  class space    used 4390K, capacity 4723K, committed 4736K, reserved 1048576K
Event: 11.541 GC heap after
Heap after GC invocations=12 (full 1):
 PSYoungGen      total 181248K, used 3589K [0x00000000ed800000, 0x00000000fd880000, 0x0000000100000000)
  eden space 168960K, 0% used [0x00000000ed800000,0x00000000ed800000,0x00000000f7d00000)
  from space 12288K, 29% used [0x00000000f7d00000,0x00000000f8081540,0x00000000f8900000)
  to   space 11776K, 0% used [0x00000000fcd00000,0x00000000fcd00000,0x00000000fd880000)
 ParOldGen       total 28160K, used 16928K [0x00000000c8800000, 0x00000000ca380000, 0x00000000ed800000)
  object space 28160K, 60% used [0x00000000c8800000,0x00000000c9888248,0x00000000ca380000)
 Metaspace       used 33536K, capacity 35366K, committed 35456K, reserved 1079296K
  class space    used 4390K, capacity 4723K, committed 4736K, reserved 1048576K
}
Event: 11.541 GC heap before
{Heap before GC invocations=13 (full 2):
 PSYoungGen      total 181248K, used 3589K [0x00000000ed800000, 0x00000000fd880000, 0x0000000100000000)
  eden space 168960K, 0% used [0x00000000ed800000,0x00000000ed800000,0x00000000f7d00000)
  from space 12288K, 29% used [0x00000000f7d00000,0x00000000f8081540,0x00000000f8900000)
  to   space 11776K, 0% used [0x00000000fcd00000,0x00000000fcd00000,0x00000000fd880000)
 ParOldGen       total 28160K, used 16928K [0x00000000c8800000, 0x00000000ca380000, 0x00000000ed800000)
  object space 28160K, 60% used [0x00000000c8800000,0x00000000c9888248,0x00000000ca380000)
 Metaspace       used 33536K, capacity 35366K, committed 35456K, reserved 1079296K
  class space    used 4390K, capacity 4723K, committed 4736K, reserved 1048576K
Event: 11.690 GC heap after
Heap after GC invocations=13 (full 2):
 PSYoungGen      total 181248K, used 0K [0x00000000ed800000, 0x00000000fd880000, 0x0000000100000000)
  eden space 168960K, 0% used [0x00000000ed800000,0x00000000ed800000,0x00000000f7d00000)
  from space 12288K, 0% used [0x00000000f7d00000,0x00000000f7d00000,0x00000000f8900000)
  to   space 11776K, 0% used [0x00000000fcd00000,0x00000000fcd00000,0x00000000fd880000)
 ParOldGen       total 45568K, used 14688K [0x00000000c8800000, 0x00000000cb480000, 0x00000000ed800000)
  object space 45568K, 32% used [0x00000000c8800000,0x00000000c9658128,0x00000000cb480000)
 Metaspace       used 33536K, capacity 35366K, committed 35456K, reserved 1079296K
  class space    used 4390K, capacity 4723K, committed 4736K, reserved 1048576K
}

